<?xml version="1.0" encoding="UTF-8"?>
<coverage generated="1789000721295" clover="3.2.0">
  <project timestamp="1789000721296" name="All files">
    <metrics statements="34" coveredstatements="34" conditionals="25" coveredconditionals="21" methods="2" coveredmethods="2" elements="61" coveredelements="57" complexity="0" loc="34" ncloc="34" packages="1" files="1" classes="1"/>
    <file name="JogoNumeroSecreto.js" path="C:\Users\paulo_viapiana\Documents\senai-devops\JogoNumeroSecreto.js">
      <metrics statements="34" coveredstatements="34" conditionals="25" coveredconditionals="21" methods="2" coveredmethods="2"/>
      <line num="5" count="5" type="cond" truecount="1" falsecount="1"/>
      <line num="6" count="5" type="stmt"/>
      <line num="7" count="5" type="cond" truecount="1" falsecount="1"/>
      <line num="9" count="5" type="stmt"/>
      <line num="10" count="5" type="stmt"/>
      <line num="11" count="5" type="stmt"/>
      <line num="12" count="5" type="stmt"/>
      <line num="14" count="5" type="stmt"/>
      <line num="19" count="5" type="stmt"/>
      <line num="22" count="5" type="stmt"/>
      <line num="24" count="18" type="stmt"/>
      <line num="26" count="18" type="cond" truecount="5" falsecount="0"/>
      <line num="27" count="1" type="stmt"/>
      <line num="28" count="1" type="stmt"/>
      <line num="31" count="17" type="stmt"/>
      <line num="33" count="17" type="cond" truecount="5" falsecount="0"/>
      <line num="34" count="3" type="stmt"/>
      <line num="35" count="3" type="stmt"/>
      <line num="38" count="14" type="cond" truecount="2" falsecount="0"/>
      <line num="39" count="3" type="stmt"/>
      <line num="41" count="11" type="cond" truecount="2" falsecount="0"/>
      <line num="42" count="1" type="stmt"/>
      <line num="44" count="10" type="stmt"/>
      <line num="47" count="11" type="stmt"/>
      <line num="48" count="11" type="stmt"/>
      <line num="49" count="11" type="stmt"/>
      <line num="53" count="4" type="cond" truecount="2" falsecount="0"/>
      <line num="54" count="3" type="cond" truecount="2" falsecount="0"/>
      <line num="55" count="3" type="stmt"/>
      <line num="56" count="3" type="stmt"/>
      <line num="57" count="1" type="cond" truecount="1" falsecount="1"/>
      <line num="58" count="1" type="stmt"/>
      <line num="59" count="1" type="stmt"/>
      <line num="64" count="1" type="stmt"/>
    </file>
  </project>
</coverage>
