{"C:\\Users\\paulo_viapiana\\Documents\\senai-devops\\JogoNumeroSecreto.js": {"path":"C:\\Users\\paulo_viapiana\\Documents\\senai-devops\\JogoNumeroSecreto.js","statementMap":{"0":{"start":{"line":4,"column":4},"end":{"line":4,"column":43}},"1":{"start":{"line":5,"column":4},"end":{"line":5,"column":24}},"2":{"start":{"line":6,"column":4},"end":{"line":6,"column":45}},"3":{"start":{"line":8,"column":4},"end":{"line":8,"column":29}},"4":{"start":{"line":9,"column":4},"end":{"line":9,"column":28}},"5":{"start":{"line":10,"column":4},"end":{"line":10,"column":24}},"6":{"start":{"line":11,"column":4},"end":{"line":11,"column":26}},"7":{"start":{"line":13,"column":4},"end":{"line":13,"column":73}},"8":{"start":{"line":18,"column":4},"end":{"line":18,"column":106}},"9":{"start":{"line":21,"column":4},"end":{"line":50,"column":5}},"10":{"start":{"line":23,"column":6},"end":{"line":23,"column":83}},"11":{"start":{"line":25,"column":6},"end":{"line":28,"column":7}},"12":{"start":{"line":26,"column":8},"end":{"line":26,"column":38}},"13":{"start":{"line":27,"column":8},"end":{"line":27,"column":27}},"14":{"start":{"line":30,"column":6},"end":{"line":30,"column":28}},"15":{"start":{"line":32,"column":6},"end":{"line":35,"column":7}},"16":{"start":{"line":33,"column":8},"end":{"line":33,"column":78}},"17":{"start":{"line":34,"column":8},"end":{"line":34,"column":17}},"18":{"start":{"line":37,"column":6},"end":{"line":49,"column":7}},"19":{"start":{"line":38,"column":8},"end":{"line":38,"column":14}},"20":{"start":{"line":40,"column":8},"end":{"line":44,"column":9}},"21":{"start":{"line":41,"column":10},"end":{"line":41,"column":62}},"22":{"start":{"line":43,"column":10},"end":{"line":43,"column":62}},"23":{"start":{"line":46,"column":29},"end":{"line":46,"column":69}},"24":{"start":{"line":47,"column":8},"end":{"line":47,"column":57}},"25":{"start":{"line":48,"column":8},"end":{"line":48,"column":26}},"26":{"start":{"line":52,"column":4},"end":{"line":59,"column":5}},"27":{"start":{"line":53,"column":29},"end":{"line":53,"column":77}},"28":{"start":{"line":54,"column":6},"end":{"line":54,"column":117}},"29":{"start":{"line":55,"column":6},"end":{"line":55,"column":23}},"30":{"start":{"line":56,"column":11},"end":{"line":59,"column":5}},"31":{"start":{"line":57,"column":6},"end":{"line":57,"column":77}},"32":{"start":{"line":58,"column":6},"end":{"line":58,"column":23}},"33":{"start":{"line":63,"column":0},"end":{"line":63,"column":35}}},"fnMap":{"0":{"name":"(anonymous_0)","decl":{"start":{"line":2,"column":2},"end":{"line":2,"column":3}},"loc":{"start":{"line":2,"column":25},"end":{"line":14,"column":3}},"line":2},"1":{"name":"(anonymous_1)","decl":{"start":{"line":17,"column":2},"end":{"line":17,"column":3}},"loc":{"start":{"line":17,"column":16},"end":{"line":60,"column":3}},"line":17}},"branchMap":{"0":{"loc":{"start":{"line":2,"column":14},"end":{"line":2,"column":23}},"type":"default-arg","locations":[{"start":{"line":2,"column":21},"end":{"line":2,"column":23}}],"line":2},"1":{"loc":{"start":{"line":4,"column":17},"end":{"line":4,"column":42}},"type":"binary-expr","locations":[{"start":{"line":4,"column":17},"end":{"line":4,"column":27}},{"start":{"line":4,"column":31},"end":{"line":4,"column":42}}],"line":4},"2":{"loc":{"start":{"line":6,"column":18},"end":{"line":6,"column":44}},"type":"binary-expr","locations":[{"start":{"line":6,"column":18},"end":{"line":6,"column":29}},{"start":{"line":6,"column":33},"end":{"line":6,"column":44}}],"line":6},"3":{"loc":{"start":{"line":25,"column":6},"end":{"line":28,"column":7}},"type":"if","locations":[{"start":{"line":25,"column":6},"end":{"line":28,"column":7}},{"start":{},"end":{}}],"line":25},"4":{"loc":{"start":{"line":25,"column":10},"end":{"line":25,"column":89}},"type":"binary-expr","locations":[{"start":{"line":25,"column":10},"end":{"line":25,"column":24}},{"start":{"line":25,"column":29},"end":{"line":25,"column":54}},{"start":{"line":25,"column":58},"end":{"line":25,"column":88}}],"line":25},"5":{"loc":{"start":{"line":32,"column":6},"end":{"line":35,"column":7}},"type":"if","locations":[{"start":{"line":32,"column":6},"end":{"line":35,"column":7}},{"start":{},"end":{}}],"line":32},"6":{"loc":{"start":{"line":32,"column":10},"end":{"line":32,"column":64}},"type":"binary-expr","locations":[{"start":{"line":32,"column":10},"end":{"line":32,"column":19}},{"start":{"line":32,"column":23},"end":{"line":32,"column":48}},{"start":{"line":32,"column":52},"end":{"line":32,"column":64}}],"line":32},"7":{"loc":{"start":{"line":37,"column":6},"end":{"line":49,"column":7}},"type":"if","locations":[{"start":{"line":37,"column":6},"end":{"line":49,"column":7}},{"start":{"line":39,"column":13},"end":{"line":49,"column":7}}],"line":37},"8":{"loc":{"start":{"line":40,"column":8},"end":{"line":44,"column":9}},"type":"if","locations":[{"start":{"line":40,"column":8},"end":{"line":44,"column":9}},{"start":{"line":42,"column":15},"end":{"line":44,"column":9}}],"line":40},"9":{"loc":{"start":{"line":52,"column":4},"end":{"line":59,"column":5}},"type":"if","locations":[{"start":{"line":52,"column":4},"end":{"line":59,"column":5}},{"start":{"line":56,"column":11},"end":{"line":59,"column":5}}],"line":52},"10":{"loc":{"start":{"line":53,"column":29},"end":{"line":53,"column":77}},"type":"cond-expr","locations":[{"start":{"line":53,"column":51},"end":{"line":53,"column":63}},{"start":{"line":53,"column":66},"end":{"line":53,"column":77}}],"line":53},"11":{"loc":{"start":{"line":56,"column":11},"end":{"line":59,"column":5}},"type":"if","locations":[{"start":{"line":56,"column":11},"end":{"line":59,"column":5}},{"start":{},"end":{}}],"line":56}},"s":{"0":5,"1":5,"2":5,"3":5,"4":5,"5":5,"6":5,"7":5,"8":5,"9":5,"10":18,"11":18,"12":1,"13":1,"14":17,"15":17,"16":3,"17":3,"18":14,"19":3,"20":11,"21":1,"22":10,"23":11,"24":11,"25":11,"26":4,"27":3,"28":3,"29":3,"30":1,"31":1,"32":1,"33":1},"f":{"0":5,"1":5},"b":{"0":[0],"1":[5,0],"2":[5,0],"3":[1,17],"4":[18,18,18],"5":[3,14],"6":[17,16,15],"7":[3,11],"8":[1,10],"9":[3,1],"10":[1,2],"11":[1,0]},"_coverageSchema":"1a1c01bbd47fc00a2c39e90264f33305004495a9","hash":"ef7e50850a354b2ec1debac92c7f8be789f8a9d8"}
}
