{"C:\\Users\\paulo_viapiana\\Documents\\senai-devops\\JogoNumeroSecreto.js": {"path":"C:\\Users\\paulo_viapiana\\Documents\\senai-devops\\JogoNumeroSecreto.js","statementMap":{"0":{"start":{"line":5,"column":4},"end":{"line":5,"column":43}},"1":{"start":{"line":6,"column":4},"end":{"line":6,"column":24}},"2":{"start":{"line":7,"column":4},"end":{"line":7,"column":45}},"3":{"start":{"line":9,"column":4},"end":{"line":9,"column":29}},"4":{"start":{"line":10,"column":4},"end":{"line":10,"column":28}},"5":{"start":{"line":11,"column":4},"end":{"line":11,"column":24}},"6":{"start":{"line":12,"column":4},"end":{"line":12,"column":26}},"7":{"start":{"line":14,"column":4},"end":{"line":14,"column":73}},"8":{"start":{"line":19,"column":4},"end":{"line":19,"column":106}},"9":{"start":{"line":22,"column":4},"end":{"line":51,"column":5}},"10":{"start":{"line":24,"column":6},"end":{"line":24,"column":83}},"11":{"start":{"line":26,"column":6},"end":{"line":29,"column":7}},"12":{"start":{"line":27,"column":8},"end":{"line":27,"column":38}},"13":{"start":{"line":28,"column":8},"end":{"line":28,"column":27}},"14":{"start":{"line":31,"column":6},"end":{"line":31,"column":28}},"15":{"start":{"line":33,"column":6},"end":{"line":36,"column":7}},"16":{"start":{"line":34,"column":8},"end":{"line":34,"column":78}},"17":{"start":{"line":35,"column":8},"end":{"line":35,"column":17}},"18":{"start":{"line":38,"column":6},"end":{"line":50,"column":7}},"19":{"start":{"line":39,"column":8},"end":{"line":39,"column":14}},"20":{"start":{"line":41,"column":8},"end":{"line":45,"column":9}},"21":{"start":{"line":42,"column":10},"end":{"line":42,"column":62}},"22":{"start":{"line":44,"column":10},"end":{"line":44,"column":62}},"23":{"start":{"line":47,"column":29},"end":{"line":47,"column":69}},"24":{"start":{"line":48,"column":8},"end":{"line":48,"column":57}},"25":{"start":{"line":49,"column":8},"end":{"line":49,"column":26}},"26":{"start":{"line":53,"column":4},"end":{"line":60,"column":5}},"27":{"start":{"line":54,"column":29},"end":{"line":54,"column":77}},"28":{"start":{"line":55,"column":6},"end":{"line":55,"column":117}},"29":{"start":{"line":56,"column":6},"end":{"line":56,"column":23}},"30":{"start":{"line":57,"column":11},"end":{"line":60,"column":5}},"31":{"start":{"line":58,"column":6},"end":{"line":58,"column":77}},"32":{"start":{"line":59,"column":6},"end":{"line":59,"column":23}},"33":{"start":{"line":64,"column":0},"end":{"line":64,"column":35}}},"fnMap":{"0":{"name":"(anonymous_0)","decl":{"start":{"line":3,"column":2},"end":{"line":3,"column":3}},"loc":{"start":{"line":3,"column":25},"end":{"line":15,"column":3}},"line":3},"1":{"name":"(anonymous_1)","decl":{"start":{"line":18,"column":2},"end":{"line":18,"column":3}},"loc":{"start":{"line":18,"column":16},"end":{"line":61,"column":3}},"line":18}},"branchMap":{"0":{"loc":{"start":{"line":3,"column":14},"end":{"line":3,"column":23}},"type":"default-arg","locations":[{"start":{"line":3,"column":21},"end":{"line":3,"column":23}}],"line":3},"1":{"loc":{"start":{"line":5,"column":17},"end":{"line":5,"column":42}},"type":"binary-expr","locations":[{"start":{"line":5,"column":17},"end":{"line":5,"column":27}},{"start":{"line":5,"column":31},"end":{"line":5,"column":42}}],"line":5},"2":{"loc":{"start":{"line":7,"column":18},"end":{"line":7,"column":44}},"type":"binary-expr","locations":[{"start":{"line":7,"column":18},"end":{"line":7,"column":29}},{"start":{"line":7,"column":33},"end":{"line":7,"column":44}}],"line":7},"3":{"loc":{"start":{"line":26,"column":6},"end":{"line":29,"column":7}},"type":"if","locations":[{"start":{"line":26,"column":6},"end":{"line":29,"column":7}},{"start":{},"end":{}}],"line":26},"4":{"loc":{"start":{"line":26,"column":10},"end":{"line":26,"column":89}},"type":"binary-expr","locations":[{"start":{"line":26,"column":10},"end":{"line":26,"column":24}},{"start":{"line":26,"column":29},"end":{"line":26,"column":54}},{"start":{"line":26,"column":58},"end":{"line":26,"column":88}}],"line":26},"5":{"loc":{"start":{"line":33,"column":6},"end":{"line":36,"column":7}},"type":"if","locations":[{"start":{"line":33,"column":6},"end":{"line":36,"column":7}},{"start":{},"end":{}}],"line":33},"6":{"loc":{"start":{"line":33,"column":10},"end":{"line":33,"column":64}},"type":"binary-expr","locations":[{"start":{"line":33,"column":10},"end":{"line":33,"column":19}},{"start":{"line":33,"column":23},"end":{"line":33,"column":48}},{"start":{"line":33,"column":52},"end":{"line":33,"column":64}}],"line":33},"7":{"loc":{"start":{"line":38,"column":6},"end":{"line":50,"column":7}},"type":"if","locations":[{"start":{"line":38,"column":6},"end":{"line":50,"column":7}},{"start":{"line":40,"column":13},"end":{"line":50,"column":7}}],"line":38},"8":{"loc":{"start":{"line":41,"column":8},"end":{"line":45,"column":9}},"type":"if","locations":[{"start":{"line":41,"column":8},"end":{"line":45,"column":9}},{"start":{"line":43,"column":15},"end":{"line":45,"column":9}}],"line":41},"9":{"loc":{"start":{"line":53,"column":4},"end":{"line":60,"column":5}},"type":"if","locations":[{"start":{"line":53,"column":4},"end":{"line":60,"column":5}},{"start":{"line":57,"column":11},"end":{"line":60,"column":5}}],"line":53},"10":{"loc":{"start":{"line":54,"column":29},"end":{"line":54,"column":77}},"type":"cond-expr","locations":[{"start":{"line":54,"column":51},"end":{"line":54,"column":63}},{"start":{"line":54,"column":66},"end":{"line":54,"column":77}}],"line":54},"11":{"loc":{"start":{"line":57,"column":11},"end":{"line":60,"column":5}},"type":"if","locations":[{"start":{"line":57,"column":11},"end":{"line":60,"column":5}},{"start":{},"end":{}}],"line":57}},"s":{"0":5,"1":5,"2":5,"3":5,"4":5,"5":5,"6":5,"7":5,"8":5,"9":5,"10":18,"11":18,"12":1,"13":1,"14":17,"15":17,"16":3,"17":3,"18":14,"19":3,"20":11,"21":1,"22":10,"23":11,"24":11,"25":11,"26":4,"27":3,"28":3,"29":3,"30":1,"31":1,"32":1,"33":1},"f":{"0":5,"1":5},"b":{"0":[0],"1":[5,0],"2":[5,0],"3":[1,17],"4":[18,18,18],"5":[3,14],"6":[17,16,15],"7":[3,11],"8":[1,10],"9":[3,1],"10":[1,2],"11":[1,0]},"_coverageSchema":"1a1c01bbd47fc00a2c39e90264f33305004495a9","hash":"07764e97c593194033996830b39491484aa6d97d"}
}
