TN:
SF:JogoNumeroSecreto.js
FN:3,(anonymous_0)
FN:18,(anonymous_1)
FNF:2
FNH:2
FNDA:5,(anonymous_0)
FNDA:5,(anonymous_1)
DA:5,5
DA:6,5
DA:7,5
DA:9,5
DA:10,5
DA:11,5
DA:12,5
DA:14,5
DA:19,5
DA:22,5
DA:24,18
DA:26,18
DA:27,1
DA:28,1
DA:31,17
DA:33,17
DA:34,3
DA:35,3
DA:38,14
DA:39,3
DA:41,11
DA:42,1
DA:44,10
DA:47,11
DA:48,11
DA:49,11
DA:53,4
DA:54,3
DA:55,3
DA:56,3
DA:57,1
DA:58,1
DA:59,1
DA:64,1
LF:34
LH:34
BRDA:3,0,0,0
BRDA:5,1,0,5
BRDA:5,1,1,0
BRDA:7,2,0,5
BRDA:7,2,1,0
BRDA:26,3,0,1
BRDA:26,3,1,17
BRDA:26,4,0,18
BRDA:26,4,1,18
BRDA:26,4,2,18
BRDA:33,5,0,3
BRDA:33,5,1,14
BRDA:33,6,0,17
BRDA:33,6,1,16
BRDA:33,6,2,15
BRDA:38,7,0,3
BRDA:38,7,1,11
BRDA:41,8,0,1
BRDA:41,8,1,10
BRDA:53,9,0,3
BRDA:53,9,1,1
BRDA:54,10,0,1
BRDA:54,10,1,2
BRDA:57,11,0,1
BRDA:57,11,1,0
BRF:25
BRH:21
end_of_record
