TN:
SF:JogoNumeroSecreto.js
FN:2,(anonymous_0)
FN:17,(anonymous_1)
FNF:2
FNH:2
FNDA:5,(anonymous_0)
FNDA:5,(anonymous_1)
DA:4,5
DA:5,5
DA:6,5
DA:8,5
DA:9,5
DA:10,5
DA:11,5
DA:13,5
DA:18,5
DA:21,5
DA:23,18
DA:25,18
DA:26,1
DA:27,1
DA:30,17
DA:32,17
DA:33,3
DA:34,3
DA:37,14
DA:38,3
DA:40,11
DA:41,1
DA:43,10
DA:46,11
DA:47,11
DA:48,11
DA:52,4
DA:53,3
DA:54,3
DA:55,3
DA:56,1
DA:57,1
DA:58,1
DA:63,1
LF:34
LH:34
BRDA:2,0,0,0
BRDA:4,1,0,5
BRDA:4,1,1,0
BRDA:6,2,0,5
BRDA:6,2,1,0
BRDA:25,3,0,1
BRDA:25,3,1,17
BRDA:25,4,0,18
BRDA:25,4,1,18
BRDA:25,4,2,18
BRDA:32,5,0,3
BRDA:32,5,1,14
BRDA:32,6,0,17
BRDA:32,6,1,16
BRDA:32,6,2,15
BRDA:37,7,0,3
BRDA:37,7,1,11
BRDA:40,8,0,1
BRDA:40,8,1,10
BRDA:52,9,0,3
BRDA:52,9,1,1
BRDA:53,10,0,1
BRDA:53,10,1,2
BRDA:56,11,0,1
BRDA:56,11,1,0
BRF:25
BRH:21
end_of_record
